
Fri Sep 15 2023 15:26:42 GMT+0100 (Irish Standard Time) -- Binary semantic version is v8.2.1
Fri Sep 15 2023 15:26:42 GMT+0100 (Irish Standard Time) -- Setting output as extra verbose with request parsing
Fri Sep 15 2023 15:26:43 GMT+0100 (Irish Standard Time) -- [SUCCESS] You can now access your local server(s) in our remote browser

Fri Sep 15 2023 15:26:43 GMT+0100 (Irish Standard Time) -- Connecting to BrowserStack using WebSocket protocol...
Fri Sep 15 2023 15:26:43 GMT+0100 (Irish Standard Time) -- Platform supports WebSocket connections.

Fri Sep 15 2023 15:26:45 GMT+0100 (Irish Standard Time) -- Connecting to BrowserStack using WebSocket protocol...
Fri Sep 15 2023 15:26:45 GMT+0100 (Irish Standard Time) -- Platform supports WebSocket connections.

Fri Sep 15 2023 15:26:46 GMT+0100 (Irish Standard Time) -- Connecting to BrowserStack using WebSocket protocol...
Fri Sep 15 2023 15:26:46 GMT+0100 (Irish Standard Time) -- Platform supports WebSocket connections.

Fri Sep 15 2023 15:26:46 GMT+0100 (Irish Standard Time) -- Connecting to BrowserStack using WebSocket protocol...
Fri Sep 15 2023 15:26:46 GMT+0100 (Irish Standard Time) -- Platform supports WebSocket connections.

Fri Sep 15 2023 15:26:46 GMT+0100 (Irish Standard Time) -- Connecting to BrowserStack using WebSocket protocol...
Fri Sep 15 2023 15:26:46 GMT+0100 (Irish Standard Time) -- Platform supports WebSocket connections.

Fri Sep 15 2023 15:26:48 GMT+0100 (Irish Standard Time) -- Connecting to BrowserStack using WebSocket protocol...
Fri Sep 15 2023 15:26:48 GMT+0100 (Irish Standard Time) -- Platform supports WebSocket connections.

Fri Sep 15 2023 15:26:48 GMT+0100 (Irish Standard Time) -- Press Ctrl-C to exit



Fri Sep 15 2023 15:33:05 GMT+0100 (Irish Standard Time) -- Binary semantic version is v8.2.1
Fri Sep 15 2023 15:33:05 GMT+0100 (Irish Standard Time) -- Setting output as extra verbose with request parsing
Fri Sep 15 2023 15:33:06 GMT+0100 (Irish Standard Time) -- [SUCCESS] You can now access your local server(s) in our remote browser

Fri Sep 15 2023 15:33:06 GMT+0100 (Irish Standard Time) -- Connecting to BrowserStack using WebSocket protocol...
Fri Sep 15 2023 15:33:06 GMT+0100 (Irish Standard Time) -- Platform supports WebSocket connections.

Fri Sep 15 2023 15:33:07 GMT+0100 (Irish Standard Time) -- Connecting to BrowserStack using WebSocket protocol...
Fri Sep 15 2023 15:33:07 GMT+0100 (Irish Standard Time) -- Platform supports WebSocket connections.

Fri Sep 15 2023 15:33:07 GMT+0100 (Irish Standard Time) -- Connecting to BrowserStack using WebSocket protocol...
Fri Sep 15 2023 15:33:07 GMT+0100 (Irish Standard Time) -- Connecting to BrowserStack using WebSocket protocol...
Fri Sep 15 2023 15:33:07 GMT+0100 (Irish Standard Time) -- Platform supports WebSocket connections.

Fri Sep 15 2023 15:33:07 GMT+0100 (Irish Standard Time) -- Platform supports WebSocket connections.

Fri Sep 15 2023 15:33:07 GMT+0100 (Irish Standard Time) -- Connecting to BrowserStack using WebSocket protocol...
Fri Sep 15 2023 15:33:08 GMT+0100 (Irish Standard Time) -- Platform supports WebSocket connections.

Fri Sep 15 2023 15:33:08 GMT+0100 (Irish Standard Time) -- Connecting to BrowserStack using WebSocket protocol...
Fri Sep 15 2023 15:33:08 GMT+0100 (Irish Standard Time) -- Platform supports WebSocket connections.

Fri Sep 15 2023 15:33:08 GMT+0100 (Irish Standard Time) -- Press Ctrl-C to exit



Fri Sep 15 2023 15:57:02 GMT+0100 (Irish Standard Time) -- Binary semantic version is v8.2.1
Fri Sep 15 2023 15:57:02 GMT+0100 (Irish Standard Time) -- Setting output as extra verbose with request parsing
Fri Sep 15 2023 15:57:03 GMT+0100 (Irish Standard Time) -- [SUCCESS] You can now access your local server(s) in our remote browser

Fri Sep 15 2023 15:57:03 GMT+0100 (Irish Standard Time) -- Connecting to BrowserStack using WebSocket protocol...
Fri Sep 15 2023 15:57:03 GMT+0100 (Irish Standard Time) -- Platform supports WebSocket connections.

Fri Sep 15 2023 15:57:05 GMT+0100 (Irish Standard Time) -- Connecting to BrowserStack using WebSocket protocol...
Fri Sep 15 2023 15:57:05 GMT+0100 (Irish Standard Time) -- Platform supports WebSocket connections.

Fri Sep 15 2023 15:57:05 GMT+0100 (Irish Standard Time) -- Connecting to BrowserStack using WebSocket protocol...
Fri Sep 15 2023 15:57:05 GMT+0100 (Irish Standard Time) -- Connecting to BrowserStack using WebSocket protocol...
Fri Sep 15 2023 15:57:05 GMT+0100 (Irish Standard Time) -- Connecting to BrowserStack using WebSocket protocol...
Fri Sep 15 2023 15:57:05 GMT+0100 (Irish Standard Time) -- Connecting to BrowserStack using WebSocket protocol...
Fri Sep 15 2023 15:57:05 GMT+0100 (Irish Standard Time) -- Platform supports WebSocket connections.

Fri Sep 15 2023 15:57:05 GMT+0100 (Irish Standard Time) -- Platform supports WebSocket connections.

Fri Sep 15 2023 15:57:05 GMT+0100 (Irish Standard Time) -- Platform supports WebSocket connections.

Fri Sep 15 2023 15:57:05 GMT+0100 (Irish Standard Time) -- Platform supports WebSocket connections.

Fri Sep 15 2023 15:57:05 GMT+0100 (Irish Standard Time) -- Press Ctrl-C to exit



Fri Sep 15 2023 15:58:10 GMT+0100 (Irish Standard Time) -- Binary semantic version is v8.2.1
Fri Sep 15 2023 15:58:10 GMT+0100 (Irish Standard Time) -- Setting output as extra verbose with request parsing
Fri Sep 15 2023 15:58:11 GMT+0100 (Irish Standard Time) -- Connecting to BrowserStack using WebSocket protocol...
Fri Sep 15 2023 15:58:11 GMT+0100 (Irish Standard Time) -- Platform supports WebSocket connections.

Fri Sep 15 2023 15:58:11 GMT+0100 (Irish Standard Time) -- [SUCCESS] You can now access your local server(s) in our remote browser

Fri Sep 15 2023 15:58:13 GMT+0100 (Irish Standard Time) -- Connecting to BrowserStack using WebSocket protocol...
Fri Sep 15 2023 15:58:13 GMT+0100 (Irish Standard Time) -- Connecting to BrowserStack using WebSocket protocol...
Fri Sep 15 2023 15:58:13 GMT+0100 (Irish Standard Time) -- Platform supports WebSocket connections.

Fri Sep 15 2023 15:58:13 GMT+0100 (Irish Standard Time) -- Platform supports WebSocket connections.

Fri Sep 15 2023 15:58:13 GMT+0100 (Irish Standard Time) -- Connecting to BrowserStack using WebSocket protocol...
Fri Sep 15 2023 15:58:13 GMT+0100 (Irish Standard Time) -- Connecting to BrowserStack using WebSocket protocol...
Fri Sep 15 2023 15:58:13 GMT+0100 (Irish Standard Time) -- Platform supports WebSocket connections.

Fri Sep 15 2023 15:58:13 GMT+0100 (Irish Standard Time) -- Platform supports WebSocket connections.

Fri Sep 15 2023 15:58:13 GMT+0100 (Irish Standard Time) -- Connecting to BrowserStack using WebSocket protocol...
Fri Sep 15 2023 15:58:13 GMT+0100 (Irish Standard Time) -- Press Ctrl-C to exit


Fri Sep 15 2023 15:58:13 GMT+0100 (Irish Standard Time) -- Platform supports WebSocket connections.


Fri Sep 15 2023 15:59:58 GMT+0100 (Irish Standard Time) -- Binary semantic version is v8.2.1
Fri Sep 15 2023 15:59:58 GMT+0100 (Irish Standard Time) -- Setting output as extra verbose with request parsing
Fri Sep 15 2023 15:59:59 GMT+0100 (Irish Standard Time) -- [SUCCESS] You can now access your local server(s) in our remote browser

Fri Sep 15 2023 15:59:59 GMT+0100 (Irish Standard Time) -- Connecting to BrowserStack using WebSocket protocol...
Fri Sep 15 2023 15:59:59 GMT+0100 (Irish Standard Time) -- Platform supports WebSocket connections.

Fri Sep 15 2023 16:00:01 GMT+0100 (Irish Standard Time) -- Connecting to BrowserStack using WebSocket protocol...
Fri Sep 15 2023 16:00:01 GMT+0100 (Irish Standard Time) -- Platform supports WebSocket connections.

Fri Sep 15 2023 16:00:01 GMT+0100 (Irish Standard Time) -- Connecting to BrowserStack using WebSocket protocol...
Fri Sep 15 2023 16:00:01 GMT+0100 (Irish Standard Time) -- Platform supports WebSocket connections.

Fri Sep 15 2023 16:00:01 GMT+0100 (Irish Standard Time) -- Connecting to BrowserStack using WebSocket protocol...
Fri Sep 15 2023 16:00:01 GMT+0100 (Irish Standard Time) -- Platform supports WebSocket connections.

Fri Sep 15 2023 16:00:01 GMT+0100 (Irish Standard Time) -- Connecting to BrowserStack using WebSocket protocol...
Fri Sep 15 2023 16:00:01 GMT+0100 (Irish Standard Time) -- Connecting to BrowserStack using WebSocket protocol...
Fri Sep 15 2023 16:00:01 GMT+0100 (Irish Standard Time) -- Platform supports WebSocket connections.

Fri Sep 15 2023 16:00:01 GMT+0100 (Irish Standard Time) -- Platform supports WebSocket connections.

Fri Sep 15 2023 16:00:01 GMT+0100 (Irish Standard Time) -- Press Ctrl-C to exit



Tue Sep 19 2023 11:09:10 GMT+0100 (Irish Standard Time) -- Binary semantic version is v8.2.1
Tue Sep 19 2023 11:09:10 GMT+0100 (Irish Standard Time) -- Setting output as extra verbose with request parsing
Tue Sep 19 2023 11:09:11 GMT+0100 (Irish Standard Time) -- [SUCCESS] You can now access your local server(s) in our remote browser

Tue Sep 19 2023 11:09:11 GMT+0100 (Irish Standard Time) -- Connecting to BrowserStack using WebSocket protocol...
Tue Sep 19 2023 11:09:11 GMT+0100 (Irish Standard Time) -- Platform supports WebSocket connections.

Tue Sep 19 2023 11:09:13 GMT+0100 (Irish Standard Time) -- Connecting to BrowserStack using WebSocket protocol...
Tue Sep 19 2023 11:09:13 GMT+0100 (Irish Standard Time) -- Platform supports WebSocket connections.

Tue Sep 19 2023 11:09:13 GMT+0100 (Irish Standard Time) -- Connecting to BrowserStack using WebSocket protocol...
Tue Sep 19 2023 11:09:13 GMT+0100 (Irish Standard Time) -- Connecting to BrowserStack using WebSocket protocol...
Tue Sep 19 2023 11:09:13 GMT+0100 (Irish Standard Time) -- Platform supports WebSocket connections.

Tue Sep 19 2023 11:09:13 GMT+0100 (Irish Standard Time) -- Platform supports WebSocket connections.

Tue Sep 19 2023 11:09:13 GMT+0100 (Irish Standard Time) -- Connecting to BrowserStack using WebSocket protocol...
Tue Sep 19 2023 11:09:13 GMT+0100 (Irish Standard Time) -- Connecting to BrowserStack using WebSocket protocol...
Tue Sep 19 2023 11:09:13 GMT+0100 (Irish Standard Time) -- Platform supports WebSocket connections.

Tue Sep 19 2023 11:09:13 GMT+0100 (Irish Standard Time) -- Platform supports WebSocket connections.

Tue Sep 19 2023 11:09:13 GMT+0100 (Irish Standard Time) -- Press Ctrl-C to exit



Tue Sep 19 2023 11:12:26 GMT+0100 (Irish Standard Time) -- Binary semantic version is v8.2.1
Tue Sep 19 2023 11:12:26 GMT+0100 (Irish Standard Time) -- Setting output as extra verbose with request parsing
Tue Sep 19 2023 11:12:27 GMT+0100 (Irish Standard Time) -- [SUCCESS] You can now access your local server(s) in our remote browser

Tue Sep 19 2023 11:12:27 GMT+0100 (Irish Standard Time) -- Connecting to BrowserStack using WebSocket protocol...
Tue Sep 19 2023 11:12:27 GMT+0100 (Irish Standard Time) -- Platform supports WebSocket connections.

Tue Sep 19 2023 11:12:29 GMT+0100 (Irish Standard Time) -- Connecting to BrowserStack using WebSocket protocol...
Tue Sep 19 2023 11:12:29 GMT+0100 (Irish Standard Time) -- Connecting to BrowserStack using WebSocket protocol...
Tue Sep 19 2023 11:12:29 GMT+0100 (Irish Standard Time) -- Platform supports WebSocket connections.

Tue Sep 19 2023 11:12:29 GMT+0100 (Irish Standard Time) -- Platform supports WebSocket connections.

Tue Sep 19 2023 11:12:29 GMT+0100 (Irish Standard Time) -- Connecting to BrowserStack using WebSocket protocol...
Tue Sep 19 2023 11:12:29 GMT+0100 (Irish Standard Time) -- Platform supports WebSocket connections.

Tue Sep 19 2023 11:12:29 GMT+0100 (Irish Standard Time) -- Connecting to BrowserStack using WebSocket protocol...
Tue Sep 19 2023 11:12:29 GMT+0100 (Irish Standard Time) -- Connecting to BrowserStack using WebSocket protocol...
Tue Sep 19 2023 11:12:29 GMT+0100 (Irish Standard Time) -- Platform supports WebSocket connections.

Tue Sep 19 2023 11:12:29 GMT+0100 (Irish Standard Time) -- Platform supports WebSocket connections.

Tue Sep 19 2023 11:12:29 GMT+0100 (Irish Standard Time) -- Press Ctrl-C to exit



Tue Sep 19 2023 11:30:01 GMT+0100 (Irish Standard Time) -- Binary semantic version is v8.2.1
Tue Sep 19 2023 11:30:01 GMT+0100 (Irish Standard Time) -- Setting output as extra verbose with request parsing
Tue Sep 19 2023 11:30:03 GMT+0100 (Irish Standard Time) -- [SUCCESS] You can now access your local server(s) in our remote browser

Tue Sep 19 2023 11:30:03 GMT+0100 (Irish Standard Time) -- Connecting to BrowserStack using WebSocket protocol...
Tue Sep 19 2023 11:30:03 GMT+0100 (Irish Standard Time) -- Platform supports WebSocket connections.

Tue Sep 19 2023 11:30:04 GMT+0100 (Irish Standard Time) -- Connecting to BrowserStack using WebSocket protocol...
Tue Sep 19 2023 11:30:04 GMT+0100 (Irish Standard Time) -- Connecting to BrowserStack using WebSocket protocol...
Tue Sep 19 2023 11:30:04 GMT+0100 (Irish Standard Time) -- Platform supports WebSocket connections.

Tue Sep 19 2023 11:30:04 GMT+0100 (Irish Standard Time) -- Connecting to BrowserStack using WebSocket protocol...
Tue Sep 19 2023 11:30:04 GMT+0100 (Irish Standard Time) -- Platform supports WebSocket connections.

Tue Sep 19 2023 11:30:04 GMT+0100 (Irish Standard Time) -- Platform supports WebSocket connections.

Tue Sep 19 2023 11:30:04 GMT+0100 (Irish Standard Time) -- Connecting to BrowserStack using WebSocket protocol...
Tue Sep 19 2023 11:30:04 GMT+0100 (Irish Standard Time) -- Connecting to BrowserStack using WebSocket protocol...
Tue Sep 19 2023 11:30:04 GMT+0100 (Irish Standard Time) -- Platform supports WebSocket connections.

Tue Sep 19 2023 11:30:04 GMT+0100 (Irish Standard Time) -- Platform supports WebSocket connections.

Tue Sep 19 2023 11:30:04 GMT+0100 (Irish Standard Time) -- Press Ctrl-C to exit



Tue Sep 19 2023 11:31:12 GMT+0100 (Irish Standard Time) -- Binary semantic version is v8.2.1
Tue Sep 19 2023 11:31:12 GMT+0100 (Irish Standard Time) -- Setting output as extra verbose with request parsing
Tue Sep 19 2023 11:31:13 GMT+0100 (Irish Standard Time) -- Connecting to BrowserStack using WebSocket protocol...
Tue Sep 19 2023 11:31:13 GMT+0100 (Irish Standard Time) -- Platform supports WebSocket connections.

Tue Sep 19 2023 11:31:13 GMT+0100 (Irish Standard Time) -- [SUCCESS] You can now access your local server(s) in our remote browser

Tue Sep 19 2023 11:31:15 GMT+0100 (Irish Standard Time) -- Connecting to BrowserStack using WebSocket protocol...
Tue Sep 19 2023 11:31:15 GMT+0100 (Irish Standard Time) -- Platform supports WebSocket connections.

Tue Sep 19 2023 11:31:15 GMT+0100 (Irish Standard Time) -- Connecting to BrowserStack using WebSocket protocol...
Tue Sep 19 2023 11:31:15 GMT+0100 (Irish Standard Time) -- Connecting to BrowserStack using WebSocket protocol...
Tue Sep 19 2023 11:31:15 GMT+0100 (Irish Standard Time) -- Platform supports WebSocket connections.

Tue Sep 19 2023 11:31:15 GMT+0100 (Irish Standard Time) -- Platform supports WebSocket connections.

Tue Sep 19 2023 11:31:15 GMT+0100 (Irish Standard Time) -- Connecting to BrowserStack using WebSocket protocol...
Tue Sep 19 2023 11:31:15 GMT+0100 (Irish Standard Time) -- Connecting to BrowserStack using WebSocket protocol...
Tue Sep 19 2023 11:31:15 GMT+0100 (Irish Standard Time) -- Platform supports WebSocket connections.

Tue Sep 19 2023 11:31:15 GMT+0100 (Irish Standard Time) -- Press Ctrl-C to exit


Tue Sep 19 2023 11:31:15 GMT+0100 (Irish Standard Time) -- Platform supports WebSocket connections.


Tue Sep 19 2023 11:32:00 GMT+0100 (Irish Standard Time) -- Binary semantic version is v8.2.1
Tue Sep 19 2023 11:32:00 GMT+0100 (Irish Standard Time) -- Setting output as extra verbose with request parsing
Tue Sep 19 2023 11:32:01 GMT+0100 (Irish Standard Time) -- [SUCCESS] You can now access your local server(s) in our remote browser

Tue Sep 19 2023 11:32:01 GMT+0100 (Irish Standard Time) -- Connecting to BrowserStack using WebSocket protocol...
Tue Sep 19 2023 11:32:01 GMT+0100 (Irish Standard Time) -- Platform supports WebSocket connections.

Tue Sep 19 2023 11:32:02 GMT+0100 (Irish Standard Time) -- Connecting to BrowserStack using WebSocket protocol...
Tue Sep 19 2023 11:32:02 GMT+0100 (Irish Standard Time) -- Platform supports WebSocket connections.

Tue Sep 19 2023 11:32:02 GMT+0100 (Irish Standard Time) -- Connecting to BrowserStack using WebSocket protocol...
Tue Sep 19 2023 11:32:02 GMT+0100 (Irish Standard Time) -- Connecting to BrowserStack using WebSocket protocol...
Tue Sep 19 2023 11:32:02 GMT+0100 (Irish Standard Time) -- Platform supports WebSocket connections.

Tue Sep 19 2023 11:32:02 GMT+0100 (Irish Standard Time) -- Platform supports WebSocket connections.

Tue Sep 19 2023 11:32:03 GMT+0100 (Irish Standard Time) -- Connecting to BrowserStack using WebSocket protocol...
Tue Sep 19 2023 11:32:03 GMT+0100 (Irish Standard Time) -- Platform supports WebSocket connections.

Tue Sep 19 2023 11:32:03 GMT+0100 (Irish Standard Time) -- Connecting to BrowserStack using WebSocket protocol...
Tue Sep 19 2023 11:32:03 GMT+0100 (Irish Standard Time) -- Platform supports WebSocket connections.

Tue Sep 19 2023 11:32:03 GMT+0100 (Irish Standard Time) -- Press Ctrl-C to exit



Tue Sep 19 2023 11:33:03 GMT+0100 (Irish Standard Time) -- Binary semantic version is v8.2.1
Tue Sep 19 2023 11:33:03 GMT+0100 (Irish Standard Time) -- Setting output as extra verbose with request parsing
Tue Sep 19 2023 11:33:04 GMT+0100 (Irish Standard Time) -- [SUCCESS] You can now access your local server(s) in our remote browser

Tue Sep 19 2023 11:33:04 GMT+0100 (Irish Standard Time) -- Connecting to BrowserStack using WebSocket protocol...
Tue Sep 19 2023 11:33:04 GMT+0100 (Irish Standard Time) -- Platform supports WebSocket connections.

Tue Sep 19 2023 11:33:06 GMT+0100 (Irish Standard Time) -- Connecting to BrowserStack using WebSocket protocol...
Tue Sep 19 2023 11:33:06 GMT+0100 (Irish Standard Time) -- Platform supports WebSocket connections.

Tue Sep 19 2023 11:33:06 GMT+0100 (Irish Standard Time) -- Connecting to BrowserStack using WebSocket protocol...
Tue Sep 19 2023 11:33:06 GMT+0100 (Irish Standard Time) -- Connecting to BrowserStack using WebSocket protocol...
Tue Sep 19 2023 11:33:06 GMT+0100 (Irish Standard Time) -- Platform supports WebSocket connections.

Tue Sep 19 2023 11:33:06 GMT+0100 (Irish Standard Time) -- Platform supports WebSocket connections.

Tue Sep 19 2023 11:33:06 GMT+0100 (Irish Standard Time) -- Connecting to BrowserStack using WebSocket protocol...
Tue Sep 19 2023 11:33:06 GMT+0100 (Irish Standard Time) -- Platform supports WebSocket connections.

Tue Sep 19 2023 11:33:06 GMT+0100 (Irish Standard Time) -- Connecting to BrowserStack using WebSocket protocol...
Tue Sep 19 2023 11:33:06 GMT+0100 (Irish Standard Time) -- Platform supports WebSocket connections.

Tue Sep 19 2023 11:33:06 GMT+0100 (Irish Standard Time) -- Press Ctrl-C to exit



Tue Sep 19 2023 11:48:27 GMT+0100 (Irish Standard Time) -- Binary semantic version is v8.2.1
Tue Sep 19 2023 11:48:27 GMT+0100 (Irish Standard Time) -- Setting output as extra verbose with request parsing
Tue Sep 19 2023 11:48:28 GMT+0100 (Irish Standard Time) -- [SUCCESS] You can now access your local server(s) in our remote browser

Tue Sep 19 2023 11:48:28 GMT+0100 (Irish Standard Time) -- Connecting to BrowserStack using WebSocket protocol...
Tue Sep 19 2023 11:48:28 GMT+0100 (Irish Standard Time) -- Platform supports WebSocket connections.

Tue Sep 19 2023 11:48:29 GMT+0100 (Irish Standard Time) -- Connecting to BrowserStack using WebSocket protocol...
Tue Sep 19 2023 11:48:29 GMT+0100 (Irish Standard Time) -- Connecting to BrowserStack using WebSocket protocol...
Tue Sep 19 2023 11:48:29 GMT+0100 (Irish Standard Time) -- Connecting to BrowserStack using WebSocket protocol...
Tue Sep 19 2023 11:48:29 GMT+0100 (Irish Standard Time) -- Platform supports WebSocket connections.

Tue Sep 19 2023 11:48:29 GMT+0100 (Irish Standard Time) -- Platform supports WebSocket connections.

Tue Sep 19 2023 11:48:29 GMT+0100 (Irish Standard Time) -- Connecting to BrowserStack using WebSocket protocol...
Tue Sep 19 2023 11:48:29 GMT+0100 (Irish Standard Time) -- Platform supports WebSocket connections.

Tue Sep 19 2023 11:48:29 GMT+0100 (Irish Standard Time) -- Platform supports WebSocket connections.

Tue Sep 19 2023 11:48:29 GMT+0100 (Irish Standard Time) -- Connecting to BrowserStack using WebSocket protocol...
Tue Sep 19 2023 11:48:29 GMT+0100 (Irish Standard Time) -- Platform supports WebSocket connections.

Tue Sep 19 2023 11:48:29 GMT+0100 (Irish Standard Time) -- Press Ctrl-C to exit



Tue Sep 19 2023 11:50:07 GMT+0100 (Irish Standard Time) -- Binary semantic version is v8.2.1
Tue Sep 19 2023 11:50:07 GMT+0100 (Irish Standard Time) -- Setting output as extra verbose with request parsing
Tue Sep 19 2023 11:50:08 GMT+0100 (Irish Standard Time) -- Connecting to BrowserStack using WebSocket protocol...
Tue Sep 19 2023 11:50:08 GMT+0100 (Irish Standard Time) -- Platform supports WebSocket connections.

Tue Sep 19 2023 11:50:08 GMT+0100 (Irish Standard Time) -- [SUCCESS] You can now access your local server(s) in our remote browser

Tue Sep 19 2023 11:50:10 GMT+0100 (Irish Standard Time) -- Connecting to BrowserStack using WebSocket protocol...
Tue Sep 19 2023 11:50:10 GMT+0100 (Irish Standard Time) -- Platform supports WebSocket connections.

Tue Sep 19 2023 11:50:10 GMT+0100 (Irish Standard Time) -- Connecting to BrowserStack using WebSocket protocol...
Tue Sep 19 2023 11:50:10 GMT+0100 (Irish Standard Time) -- Platform supports WebSocket connections.

Tue Sep 19 2023 11:50:10 GMT+0100 (Irish Standard Time) -- Connecting to BrowserStack using WebSocket protocol...
Tue Sep 19 2023 11:50:10 GMT+0100 (Irish Standard Time) -- Connecting to BrowserStack using WebSocket protocol...
Tue Sep 19 2023 11:50:10 GMT+0100 (Irish Standard Time) -- Platform supports WebSocket connections.

Tue Sep 19 2023 11:50:10 GMT+0100 (Irish Standard Time) -- Platform supports WebSocket connections.

Tue Sep 19 2023 11:50:10 GMT+0100 (Irish Standard Time) -- Connecting to BrowserStack using WebSocket protocol...
Tue Sep 19 2023 11:50:10 GMT+0100 (Irish Standard Time) -- Press Ctrl-C to exit


Tue Sep 19 2023 11:50:10 GMT+0100 (Irish Standard Time) -- Platform supports WebSocket connections.


Tue Sep 19 2023 11:52:36 GMT+0100 (Irish Standard Time) -- Binary semantic version is v8.2.1
Tue Sep 19 2023 11:52:36 GMT+0100 (Irish Standard Time) -- Setting output as extra verbose with request parsing
Tue Sep 19 2023 11:52:37 GMT+0100 (Irish Standard Time) -- [SUCCESS] You can now access your local server(s) in our remote browser

Tue Sep 19 2023 11:52:37 GMT+0100 (Irish Standard Time) -- Connecting to BrowserStack using WebSocket protocol...
Tue Sep 19 2023 11:52:37 GMT+0100 (Irish Standard Time) -- Platform supports WebSocket connections.

Tue Sep 19 2023 11:52:38 GMT+0100 (Irish Standard Time) -- Connecting to BrowserStack using WebSocket protocol...
Tue Sep 19 2023 11:52:38 GMT+0100 (Irish Standard Time) -- Platform supports WebSocket connections.

Tue Sep 19 2023 11:52:38 GMT+0100 (Irish Standard Time) -- Connecting to BrowserStack using WebSocket protocol...
Tue Sep 19 2023 11:52:38 GMT+0100 (Irish Standard Time) -- Platform supports WebSocket connections.

Tue Sep 19 2023 11:52:38 GMT+0100 (Irish Standard Time) -- Connecting to BrowserStack using WebSocket protocol...
Tue Sep 19 2023 11:52:38 GMT+0100 (Irish Standard Time) -- Platform supports WebSocket connections.

Tue Sep 19 2023 11:52:38 GMT+0100 (Irish Standard Time) -- Connecting to BrowserStack using WebSocket protocol...
Tue Sep 19 2023 11:52:38 GMT+0100 (Irish Standard Time) -- Platform supports WebSocket connections.

Tue Sep 19 2023 11:52:38 GMT+0100 (Irish Standard Time) -- Connecting to BrowserStack using WebSocket protocol...
Tue Sep 19 2023 11:52:38 GMT+0100 (Irish Standard Time) -- Platform supports WebSocket connections.

Tue Sep 19 2023 11:52:38 GMT+0100 (Irish Standard Time) -- Press Ctrl-C to exit



Tue Sep 19 2023 11:53:51 GMT+0100 (Irish Standard Time) -- Binary semantic version is v8.2.1
Tue Sep 19 2023 11:53:51 GMT+0100 (Irish Standard Time) -- Setting output as extra verbose with request parsing
Tue Sep 19 2023 11:53:53 GMT+0100 (Irish Standard Time) -- [SUCCESS] You can now access your local server(s) in our remote browser

Tue Sep 19 2023 11:53:53 GMT+0100 (Irish Standard Time) -- Connecting to BrowserStack using WebSocket protocol...
Tue Sep 19 2023 11:53:53 GMT+0100 (Irish Standard Time) -- Platform supports WebSocket connections.

Tue Sep 19 2023 11:53:54 GMT+0100 (Irish Standard Time) -- Connecting to BrowserStack using WebSocket protocol...
Tue Sep 19 2023 11:53:54 GMT+0100 (Irish Standard Time) -- Connecting to BrowserStack using WebSocket protocol...
Tue Sep 19 2023 11:53:54 GMT+0100 (Irish Standard Time) -- Connecting to BrowserStack using WebSocket protocol...
Tue Sep 19 2023 11:53:54 GMT+0100 (Irish Standard Time) -- Platform supports WebSocket connections.

Tue Sep 19 2023 11:53:54 GMT+0100 (Irish Standard Time) -- Platform supports WebSocket connections.

Tue Sep 19 2023 11:53:54 GMT+0100 (Irish Standard Time) -- Platform supports WebSocket connections.

Tue Sep 19 2023 11:53:54 GMT+0100 (Irish Standard Time) -- Connecting to BrowserStack using WebSocket protocol...
Tue Sep 19 2023 11:53:54 GMT+0100 (Irish Standard Time) -- Platform supports WebSocket connections.

Tue Sep 19 2023 11:53:55 GMT+0100 (Irish Standard Time) -- Connecting to BrowserStack using WebSocket protocol...
Tue Sep 19 2023 11:53:55 GMT+0100 (Irish Standard Time) -- Press Ctrl-C to exit


Tue Sep 19 2023 11:53:55 GMT+0100 (Irish Standard Time) -- Platform supports WebSocket connections.


Tue Sep 19 2023 11:55:33 GMT+0100 (Irish Standard Time) -- Binary semantic version is v8.2.1
Tue Sep 19 2023 11:55:33 GMT+0100 (Irish Standard Time) -- Setting output as extra verbose with request parsing
Tue Sep 19 2023 11:55:34 GMT+0100 (Irish Standard Time) -- [SUCCESS] You can now access your local server(s) in our remote browser

Tue Sep 19 2023 11:55:35 GMT+0100 (Irish Standard Time) -- Connecting to BrowserStack using WebSocket protocol...
Tue Sep 19 2023 11:55:35 GMT+0100 (Irish Standard Time) -- Platform supports WebSocket connections.

Tue Sep 19 2023 11:55:35 GMT+0100 (Irish Standard Time) -- Connecting to BrowserStack using WebSocket protocol...
Tue Sep 19 2023 11:55:35 GMT+0100 (Irish Standard Time) -- Platform supports WebSocket connections.

Tue Sep 19 2023 11:55:36 GMT+0100 (Irish Standard Time) -- Connecting to BrowserStack using WebSocket protocol...
Tue Sep 19 2023 11:55:36 GMT+0100 (Irish Standard Time) -- Platform supports WebSocket connections.

Tue Sep 19 2023 11:55:36 GMT+0100 (Irish Standard Time) -- Connecting to BrowserStack using WebSocket protocol...
Tue Sep 19 2023 11:55:36 GMT+0100 (Irish Standard Time) -- Platform supports WebSocket connections.

Tue Sep 19 2023 11:55:37 GMT+0100 (Irish Standard Time) -- Connecting to BrowserStack using WebSocket protocol...
Tue Sep 19 2023 11:55:37 GMT+0100 (Irish Standard Time) -- Platform supports WebSocket connections.

Tue Sep 19 2023 11:55:37 GMT+0100 (Irish Standard Time) -- Connecting to BrowserStack using WebSocket protocol...
Tue Sep 19 2023 11:55:37 GMT+0100 (Irish Standard Time) -- Press Ctrl-C to exit


Tue Sep 19 2023 11:55:37 GMT+0100 (Irish Standard Time) -- Platform supports WebSocket connections.


Fri Sep 29 2023 14:41:08 GMT+0100 (Irish Standard Time) -- Binary semantic version is v8.2.1
Fri Sep 29 2023 14:41:08 GMT+0100 (Irish Standard Time) -- Setting output as extra verbose with request parsing
Fri Sep 29 2023 14:41:09 GMT+0100 (Irish Standard Time) -- [SUCCESS] You can now access your local server(s) in our remote browser

Fri Sep 29 2023 14:41:09 GMT+0100 (Irish Standard Time) -- Connecting to BrowserStack using WebSocket protocol...
Fri Sep 29 2023 14:41:09 GMT+0100 (Irish Standard Time) -- Platform supports WebSocket connections.

Fri Sep 29 2023 14:41:11 GMT+0100 (Irish Standard Time) -- Connecting to BrowserStack using WebSocket protocol...
Fri Sep 29 2023 14:41:11 GMT+0100 (Irish Standard Time) -- Platform supports WebSocket connections.

Fri Sep 29 2023 14:41:11 GMT+0100 (Irish Standard Time) -- Connecting to BrowserStack using WebSocket protocol...
Fri Sep 29 2023 14:41:11 GMT+0100 (Irish Standard Time) -- Platform supports WebSocket connections.

Fri Sep 29 2023 14:41:11 GMT+0100 (Irish Standard Time) -- Connecting to BrowserStack using WebSocket protocol...
Fri Sep 29 2023 14:41:11 GMT+0100 (Irish Standard Time) -- Connecting to BrowserStack using WebSocket protocol...
Fri Sep 29 2023 14:41:11 GMT+0100 (Irish Standard Time) -- Platform supports WebSocket connections.

Fri Sep 29 2023 14:41:11 GMT+0100 (Irish Standard Time) -- Platform supports WebSocket connections.

Fri Sep 29 2023 14:41:11 GMT+0100 (Irish Standard Time) -- Connecting to BrowserStack using WebSocket protocol...
Fri Sep 29 2023 14:41:11 GMT+0100 (Irish Standard Time) -- Platform supports WebSocket connections.

Fri Sep 29 2023 14:41:11 GMT+0100 (Irish Standard Time) -- Press Ctrl-C to exit



Fri Sep 29 2023 14:43:52 GMT+0100 (Irish Standard Time) -- Binary semantic version is v8.2.1
Fri Sep 29 2023 14:43:52 GMT+0100 (Irish Standard Time) -- Setting output as extra verbose with request parsing
Fri Sep 29 2023 14:43:53 GMT+0100 (Irish Standard Time) -- [SUCCESS] You can now access your local server(s) in our remote browser

Fri Sep 29 2023 14:43:53 GMT+0100 (Irish Standard Time) -- Connecting to BrowserStack using WebSocket protocol...
Fri Sep 29 2023 14:43:53 GMT+0100 (Irish Standard Time) -- Platform supports WebSocket connections.

Fri Sep 29 2023 14:43:54 GMT+0100 (Irish Standard Time) -- Connecting to BrowserStack using WebSocket protocol...
Fri Sep 29 2023 14:43:54 GMT+0100 (Irish Standard Time) -- Platform supports WebSocket connections.

Fri Sep 29 2023 14:43:54 GMT+0100 (Irish Standard Time) -- Connecting to BrowserStack using WebSocket protocol...
Fri Sep 29 2023 14:43:54 GMT+0100 (Irish Standard Time) -- Connecting to BrowserStack using WebSocket protocol...
Fri Sep 29 2023 14:43:54 GMT+0100 (Irish Standard Time) -- Platform supports WebSocket connections.

Fri Sep 29 2023 14:43:54 GMT+0100 (Irish Standard Time) -- Platform supports WebSocket connections.

Fri Sep 29 2023 14:43:54 GMT+0100 (Irish Standard Time) -- Connecting to BrowserStack using WebSocket protocol...
Fri Sep 29 2023 14:43:54 GMT+0100 (Irish Standard Time) -- Platform supports WebSocket connections.

Fri Sep 29 2023 14:43:54 GMT+0100 (Irish Standard Time) -- Connecting to BrowserStack using WebSocket protocol...
Fri Sep 29 2023 14:43:54 GMT+0100 (Irish Standard Time) -- Platform supports WebSocket connections.

Fri Sep 29 2023 14:43:54 GMT+0100 (Irish Standard Time) -- Press Ctrl-C to exit



Fri Sep 29 2023 14:47:51 GMT+0100 (Irish Standard Time) -- Binary semantic version is v8.2.1
Fri Sep 29 2023 14:47:51 GMT+0100 (Irish Standard Time) -- Setting output as extra verbose with request parsing
Fri Sep 29 2023 14:47:53 GMT+0100 (Irish Standard Time) -- [SUCCESS] You can now access your local server(s) in our remote browser

Fri Sep 29 2023 14:47:53 GMT+0100 (Irish Standard Time) -- Connecting to BrowserStack using WebSocket protocol...
Fri Sep 29 2023 14:47:53 GMT+0100 (Irish Standard Time) -- Platform supports WebSocket connections.

Fri Sep 29 2023 14:47:54 GMT+0100 (Irish Standard Time) -- Connecting to BrowserStack using WebSocket protocol...
Fri Sep 29 2023 14:47:54 GMT+0100 (Irish Standard Time) -- Platform supports WebSocket connections.

Fri Sep 29 2023 14:47:54 GMT+0100 (Irish Standard Time) -- Connecting to BrowserStack using WebSocket protocol...
Fri Sep 29 2023 14:47:54 GMT+0100 (Irish Standard Time) -- Connecting to BrowserStack using WebSocket protocol...
Fri Sep 29 2023 14:47:54 GMT+0100 (Irish Standard Time) -- Connecting to BrowserStack using WebSocket protocol...
Fri Sep 29 2023 14:47:54 GMT+0100 (Irish Standard Time) -- Platform supports WebSocket connections.

Fri Sep 29 2023 14:47:54 GMT+0100 (Irish Standard Time) -- Platform supports WebSocket connections.

Fri Sep 29 2023 14:47:54 GMT+0100 (Irish Standard Time) -- Platform supports WebSocket connections.

Fri Sep 29 2023 14:47:54 GMT+0100 (Irish Standard Time) -- Connecting to BrowserStack using WebSocket protocol...
Fri Sep 29 2023 14:47:54 GMT+0100 (Irish Standard Time) -- Platform supports WebSocket connections.

Fri Sep 29 2023 14:47:54 GMT+0100 (Irish Standard Time) -- Press Ctrl-C to exit



Fri Sep 29 2023 14:54:57 GMT+0100 (Irish Standard Time) -- Binary semantic version is v8.2.1
Fri Sep 29 2023 14:54:57 GMT+0100 (Irish Standard Time) -- Setting output as extra verbose with request parsing
Fri Sep 29 2023 14:54:58 GMT+0100 (Irish Standard Time) -- [SUCCESS] You can now access your local server(s) in our remote browser

Fri Sep 29 2023 14:54:58 GMT+0100 (Irish Standard Time) -- Connecting to BrowserStack using WebSocket protocol...
Fri Sep 29 2023 14:54:58 GMT+0100 (Irish Standard Time) -- Platform supports WebSocket connections.

Fri Sep 29 2023 14:54:59 GMT+0100 (Irish Standard Time) -- Connecting to BrowserStack using WebSocket protocol...
Fri Sep 29 2023 14:54:59 GMT+0100 (Irish Standard Time) -- Connecting to BrowserStack using WebSocket protocol...
Fri Sep 29 2023 14:54:59 GMT+0100 (Irish Standard Time) -- Platform supports WebSocket connections.

Fri Sep 29 2023 14:54:59 GMT+0100 (Irish Standard Time) -- Platform supports WebSocket connections.

Fri Sep 29 2023 14:54:59 GMT+0100 (Irish Standard Time) -- Connecting to BrowserStack using WebSocket protocol...
Fri Sep 29 2023 14:54:59 GMT+0100 (Irish Standard Time) -- Platform supports WebSocket connections.

Fri Sep 29 2023 14:54:59 GMT+0100 (Irish Standard Time) -- Connecting to BrowserStack using WebSocket protocol...
Fri Sep 29 2023 14:54:59 GMT+0100 (Irish Standard Time) -- Platform supports WebSocket connections.

Fri Sep 29 2023 14:55:00 GMT+0100 (Irish Standard Time) -- Connecting to BrowserStack using WebSocket protocol...
Fri Sep 29 2023 14:55:00 GMT+0100 (Irish Standard Time) -- Platform supports WebSocket connections.

Fri Sep 29 2023 14:55:00 GMT+0100 (Irish Standard Time) -- Press Ctrl-C to exit



Fri Sep 29 2023 14:56:37 GMT+0100 (Irish Standard Time) -- Binary semantic version is v8.2.1
Fri Sep 29 2023 14:56:37 GMT+0100 (Irish Standard Time) -- Setting output as extra verbose with request parsing
Fri Sep 29 2023 14:56:39 GMT+0100 (Irish Standard Time) -- [SUCCESS] You can now access your local server(s) in our remote browser

Fri Sep 29 2023 14:56:39 GMT+0100 (Irish Standard Time) -- Connecting to BrowserStack using WebSocket protocol...
Fri Sep 29 2023 14:56:39 GMT+0100 (Irish Standard Time) -- Platform supports WebSocket connections.

Fri Sep 29 2023 14:56:40 GMT+0100 (Irish Standard Time) -- Connecting to BrowserStack using WebSocket protocol...
Fri Sep 29 2023 14:56:40 GMT+0100 (Irish Standard Time) -- Platform supports WebSocket connections.

Fri Sep 29 2023 14:56:40 GMT+0100 (Irish Standard Time) -- Connecting to BrowserStack using WebSocket protocol...
Fri Sep 29 2023 14:56:40 GMT+0100 (Irish Standard Time) -- Platform supports WebSocket connections.

Fri Sep 29 2023 14:56:40 GMT+0100 (Irish Standard Time) -- Connecting to BrowserStack using WebSocket protocol...
Fri Sep 29 2023 14:56:40 GMT+0100 (Irish Standard Time) -- Platform supports WebSocket connections.

Fri Sep 29 2023 14:56:40 GMT+0100 (Irish Standard Time) -- Connecting to BrowserStack using WebSocket protocol...
Fri Sep 29 2023 14:56:40 GMT+0100 (Irish Standard Time) -- Platform supports WebSocket connections.

Fri Sep 29 2023 14:56:40 GMT+0100 (Irish Standard Time) -- Connecting to BrowserStack using WebSocket protocol...
Fri Sep 29 2023 14:56:40 GMT+0100 (Irish Standard Time) -- Platform supports WebSocket connections.

Fri Sep 29 2023 14:56:40 GMT+0100 (Irish Standard Time) -- Press Ctrl-C to exit



Fri Sep 29 2023 14:58:37 GMT+0100 (Irish Standard Time) -- Binary semantic version is v8.2.1
Fri Sep 29 2023 14:58:37 GMT+0100 (Irish Standard Time) -- Setting output as extra verbose with request parsing
Fri Sep 29 2023 14:58:38 GMT+0100 (Irish Standard Time) -- Connecting to BrowserStack using WebSocket protocol...
Fri Sep 29 2023 14:58:38 GMT+0100 (Irish Standard Time) -- Platform supports WebSocket connections.

Fri Sep 29 2023 14:58:38 GMT+0100 (Irish Standard Time) -- [SUCCESS] You can now access your local server(s) in our remote browser

Fri Sep 29 2023 14:58:39 GMT+0100 (Irish Standard Time) -- Connecting to BrowserStack using WebSocket protocol...
Fri Sep 29 2023 14:58:39 GMT+0100 (Irish Standard Time) -- Connecting to BrowserStack using WebSocket protocol...
Fri Sep 29 2023 14:58:39 GMT+0100 (Irish Standard Time) -- Platform supports WebSocket connections.

Fri Sep 29 2023 14:58:39 GMT+0100 (Irish Standard Time) -- Platform supports WebSocket connections.

Fri Sep 29 2023 14:58:39 GMT+0100 (Irish Standard Time) -- Connecting to BrowserStack using WebSocket protocol...
Fri Sep 29 2023 14:58:39 GMT+0100 (Irish Standard Time) -- Platform supports WebSocket connections.

Fri Sep 29 2023 14:58:39 GMT+0100 (Irish Standard Time) -- Connecting to BrowserStack using WebSocket protocol...
Fri Sep 29 2023 14:58:39 GMT+0100 (Irish Standard Time) -- Connecting to BrowserStack using WebSocket protocol...
Fri Sep 29 2023 14:58:39 GMT+0100 (Irish Standard Time) -- Platform supports WebSocket connections.

Fri Sep 29 2023 14:58:39 GMT+0100 (Irish Standard Time) -- Press Ctrl-C to exit


Fri Sep 29 2023 14:58:39 GMT+0100 (Irish Standard Time) -- Platform supports WebSocket connections.


Fri Sep 29 2023 15:03:32 GMT+0100 (Irish Standard Time) -- Binary semantic version is v8.2.1
Fri Sep 29 2023 15:03:32 GMT+0100 (Irish Standard Time) -- Setting output as extra verbose with request parsing
Fri Sep 29 2023 15:03:33 GMT+0100 (Irish Standard Time) -- [SUCCESS] You can now access your local server(s) in our remote browser

Fri Sep 29 2023 15:03:34 GMT+0100 (Irish Standard Time) -- Connecting to BrowserStack using WebSocket protocol...
Fri Sep 29 2023 15:03:34 GMT+0100 (Irish Standard Time) -- Platform supports WebSocket connections.

Fri Sep 29 2023 15:03:35 GMT+0100 (Irish Standard Time) -- Connecting to BrowserStack using WebSocket protocol...
Fri Sep 29 2023 15:03:35 GMT+0100 (Irish Standard Time) -- Connecting to BrowserStack using WebSocket protocol...
Fri Sep 29 2023 15:03:35 GMT+0100 (Irish Standard Time) -- Platform supports WebSocket connections.

Fri Sep 29 2023 15:03:35 GMT+0100 (Irish Standard Time) -- Platform supports WebSocket connections.

Fri Sep 29 2023 15:03:35 GMT+0100 (Irish Standard Time) -- Connecting to BrowserStack using WebSocket protocol...
Fri Sep 29 2023 15:03:35 GMT+0100 (Irish Standard Time) -- Platform supports WebSocket connections.

Fri Sep 29 2023 15:03:35 GMT+0100 (Irish Standard Time) -- Connecting to BrowserStack using WebSocket protocol...
Fri Sep 29 2023 15:03:35 GMT+0100 (Irish Standard Time) -- Platform supports WebSocket connections.

Fri Sep 29 2023 15:03:35 GMT+0100 (Irish Standard Time) -- Connecting to BrowserStack using WebSocket protocol...
Fri Sep 29 2023 15:03:35 GMT+0100 (Irish Standard Time) -- Platform supports WebSocket connections.

Fri Sep 29 2023 15:03:35 GMT+0100 (Irish Standard Time) -- Press Ctrl-C to exit



Fri Sep 29 2023 15:05:10 GMT+0100 (Irish Standard Time) -- Binary semantic version is v8.2.1
Fri Sep 29 2023 15:05:10 GMT+0100 (Irish Standard Time) -- Setting output as extra verbose with request parsing
Fri Sep 29 2023 15:05:11 GMT+0100 (Irish Standard Time) -- [SUCCESS] You can now access your local server(s) in our remote browser

Fri Sep 29 2023 15:05:11 GMT+0100 (Irish Standard Time) -- Connecting to BrowserStack using WebSocket protocol...
Fri Sep 29 2023 15:05:11 GMT+0100 (Irish Standard Time) -- Platform supports WebSocket connections.

Fri Sep 29 2023 15:05:13 GMT+0100 (Irish Standard Time) -- Connecting to BrowserStack using WebSocket protocol...
Fri Sep 29 2023 15:05:13 GMT+0100 (Irish Standard Time) -- Platform supports WebSocket connections.

Fri Sep 29 2023 15:05:13 GMT+0100 (Irish Standard Time) -- Connecting to BrowserStack using WebSocket protocol...
Fri Sep 29 2023 15:05:13 GMT+0100 (Irish Standard Time) -- Connecting to BrowserStack using WebSocket protocol...
Fri Sep 29 2023 15:05:13 GMT+0100 (Irish Standard Time) -- Platform supports WebSocket connections.

Fri Sep 29 2023 15:05:13 GMT+0100 (Irish Standard Time) -- Platform supports WebSocket connections.

Fri Sep 29 2023 15:05:13 GMT+0100 (Irish Standard Time) -- Connecting to BrowserStack using WebSocket protocol...
Fri Sep 29 2023 15:05:13 GMT+0100 (Irish Standard Time) -- Platform supports WebSocket connections.

Fri Sep 29 2023 15:05:13 GMT+0100 (Irish Standard Time) -- Connecting to BrowserStack using WebSocket protocol...
Fri Sep 29 2023 15:05:13 GMT+0100 (Irish Standard Time) -- Press Ctrl-C to exit


Fri Sep 29 2023 15:05:13 GMT+0100 (Irish Standard Time) -- Platform supports WebSocket connections.


Tue Nov 28 2023 15:04:00 GMT+0000 (Greenwich Mean Time) -- Binary semantic version is v8.2.1
Tue Nov 28 2023 15:04:00 GMT+0000 (Greenwich Mean Time) -- Setting output as extra verbose with request parsing
Tue Nov 28 2023 15:04:02 GMT+0000 (Greenwich Mean Time) -- [SUCCESS] You can now access your local server(s) in our remote browser

Tue Nov 28 2023 15:04:02 GMT+0000 (Greenwich Mean Time) -- Connecting to BrowserStack using WebSocket protocol...
Tue Nov 28 2023 15:04:02 GMT+0000 (Greenwich Mean Time) -- Platform supports WebSocket connections.

Tue Nov 28 2023 15:04:03 GMT+0000 (Greenwich Mean Time) -- Connecting to BrowserStack using WebSocket protocol...
Tue Nov 28 2023 15:04:03 GMT+0000 (Greenwich Mean Time) -- Connecting to BrowserStack using WebSocket protocol...
Tue Nov 28 2023 15:04:03 GMT+0000 (Greenwich Mean Time) -- Connecting to BrowserStack using WebSocket protocol...
Tue Nov 28 2023 15:04:03 GMT+0000 (Greenwich Mean Time) -- Platform supports WebSocket connections.

Tue Nov 28 2023 15:04:03 GMT+0000 (Greenwich Mean Time) -- Platform supports WebSocket connections.

Tue Nov 28 2023 15:04:03 GMT+0000 (Greenwich Mean Time) -- Connecting to BrowserStack using WebSocket protocol...
Tue Nov 28 2023 15:04:03 GMT+0000 (Greenwich Mean Time) -- Platform supports WebSocket connections.

Tue Nov 28 2023 15:04:03 GMT+0000 (Greenwich Mean Time) -- Platform supports WebSocket connections.

Tue Nov 28 2023 15:04:03 GMT+0000 (Greenwich Mean Time) -- Connecting to BrowserStack using WebSocket protocol...
Tue Nov 28 2023 15:04:03 GMT+0000 (Greenwich Mean Time) -- Platform supports WebSocket connections.

Tue Nov 28 2023 15:04:03 GMT+0000 (Greenwich Mean Time) -- Press Ctrl-C to exit



Tue Nov 28 2023 15:05:10 GMT+0000 (Greenwich Mean Time) -- Binary semantic version is v8.2.1
Tue Nov 28 2023 15:05:10 GMT+0000 (Greenwich Mean Time) -- Setting output as extra verbose with request parsing
Tue Nov 28 2023 15:05:12 GMT+0000 (Greenwich Mean Time) -- Connecting to BrowserStack using WebSocket protocol...
Tue Nov 28 2023 15:05:12 GMT+0000 (Greenwich Mean Time) -- Platform supports WebSocket connections.

Tue Nov 28 2023 15:05:12 GMT+0000 (Greenwich Mean Time) -- [SUCCESS] You can now access your local server(s) in our remote browser

Tue Nov 28 2023 15:05:14 GMT+0000 (Greenwich Mean Time) -- Connecting to BrowserStack using WebSocket protocol...
Tue Nov 28 2023 15:05:14 GMT+0000 (Greenwich Mean Time) -- Connecting to BrowserStack using WebSocket protocol...
Tue Nov 28 2023 15:05:14 GMT+0000 (Greenwich Mean Time) -- Connecting to BrowserStack using WebSocket protocol...
Tue Nov 28 2023 15:05:14 GMT+0000 (Greenwich Mean Time) -- Platform supports WebSocket connections.

Tue Nov 28 2023 15:05:14 GMT+0000 (Greenwich Mean Time) -- Platform supports WebSocket connections.

Tue Nov 28 2023 15:05:14 GMT+0000 (Greenwich Mean Time) -- Platform supports WebSocket connections.

Tue Nov 28 2023 15:05:14 GMT+0000 (Greenwich Mean Time) -- Connecting to BrowserStack using WebSocket protocol...
Tue Nov 28 2023 15:05:14 GMT+0000 (Greenwich Mean Time) -- Connecting to BrowserStack using WebSocket protocol...
Tue Nov 28 2023 15:05:14 GMT+0000 (Greenwich Mean Time) -- Platform supports WebSocket connections.

Tue Nov 28 2023 15:05:14 GMT+0000 (Greenwich Mean Time) -- Press Ctrl-C to exit


Tue Nov 28 2023 15:05:14 GMT+0000 (Greenwich Mean Time) -- Platform supports WebSocket connections.


Tue Nov 28 2023 15:06:58 GMT+0000 (Greenwich Mean Time) -- Binary semantic version is v8.2.1
Tue Nov 28 2023 15:06:58 GMT+0000 (Greenwich Mean Time) -- Setting output as extra verbose with request parsing
Tue Nov 28 2023 15:06:59 GMT+0000 (Greenwich Mean Time) -- Connecting to BrowserStack using WebSocket protocol...
Tue Nov 28 2023 15:06:59 GMT+0000 (Greenwich Mean Time) -- Platform supports WebSocket connections.

Tue Nov 28 2023 15:06:59 GMT+0000 (Greenwich Mean Time) -- [SUCCESS] You can now access your local server(s) in our remote browser

Tue Nov 28 2023 15:07:01 GMT+0000 (Greenwich Mean Time) -- Connecting to BrowserStack using WebSocket protocol...
Tue Nov 28 2023 15:07:01 GMT+0000 (Greenwich Mean Time) -- Platform supports WebSocket connections.

Tue Nov 28 2023 15:07:01 GMT+0000 (Greenwich Mean Time) -- Connecting to BrowserStack using WebSocket protocol...
Tue Nov 28 2023 15:07:01 GMT+0000 (Greenwich Mean Time) -- Platform supports WebSocket connections.

Tue Nov 28 2023 15:07:01 GMT+0000 (Greenwich Mean Time) -- Connecting to BrowserStack using WebSocket protocol...
Tue Nov 28 2023 15:07:01 GMT+0000 (Greenwich Mean Time) -- Platform supports WebSocket connections.

Tue Nov 28 2023 15:07:01 GMT+0000 (Greenwich Mean Time) -- Connecting to BrowserStack using WebSocket protocol...
Tue Nov 28 2023 15:07:01 GMT+0000 (Greenwich Mean Time) -- Platform supports WebSocket connections.

Tue Nov 28 2023 15:07:01 GMT+0000 (Greenwich Mean Time) -- Connecting to BrowserStack using WebSocket protocol...
Tue Nov 28 2023 15:07:01 GMT+0000 (Greenwich Mean Time) -- Press Ctrl-C to exit


Tue Nov 28 2023 15:07:01 GMT+0000 (Greenwich Mean Time) -- Platform supports WebSocket connections.

